<testng-results>
  <reporter-output>
  </reporter-output>
  <suite name="imed">
    <groups>
    </groups>
    <test name="org.cerebrum.domain.action.CusotmerActionTest">
      <class name="org.cerebrum.domain.action.CusotmerActionTest">
        <test-method status="PASS" signature="init()" name="init" is-config="true" duration-ms="1416" started-at="2009-03-17T20:37:26Z" finished-at="2009-03-17T20:37:28Z">
        </test-method>
        <test-method status="PASS" signature="startSeam()" name="startSeam" is-config="true" duration-ms="15389" started-at="2009-03-17T20:37:11Z" finished-at="2009-03-17T20:37:26Z">
        </test-method>
        <test-method status="PASS" signature="stopSeam()" name="stopSeam" is-config="true" duration-ms="4" started-at="2009-03-17T20:37:28Z" finished-at="2009-03-17T20:37:28Z">
        </test-method>
        <test-method status="PASS" signature="testRegisterAction()" name="testRegisterAction" duration-ms="160" started-at="2009-03-17T20:37:28Z" finished-at="2009-03-17T20:37:28Z">
        </test-method>
        <test-method status="PASS" signature="end()" name="end" is-config="true" duration-ms="1" started-at="2009-03-17T20:37:28Z" finished-at="2009-03-17T20:37:28Z">
        </test-method>
        <test-method status="PASS" signature="destroy()" name="destroy" is-config="true" duration-ms="2" started-at="2009-03-17T20:37:28Z" finished-at="2009-03-17T20:37:28Z">
        </test-method>
        <test-method status="PASS" signature="cleanupClass()" name="cleanupClass" is-config="true" duration-ms="0" started-at="2009-03-17T20:37:28Z" finished-at="2009-03-17T20:37:28Z">
        </test-method>
        <test-method status="PASS" signature="setupClass()" name="setupClass" is-config="true" duration-ms="117" started-at="2009-03-17T20:37:26Z" finished-at="2009-03-17T20:37:26Z">
        </test-method>
        <test-method status="PASS" signature="begin()" name="begin" is-config="true" duration-ms="9" started-at="2009-03-17T20:37:28Z" finished-at="2009-03-17T20:37:28Z">
        </test-method>
      </class>
    </test>
  </suite>
</testng-results>
