<?xml version="1.0" encoding="UTF-8"?>
<testsuite name="org.witchcraft.domain.action.AuthenticatorTest" failures="0" tests="2" time="0.099" errors="0">
  <properties/>
  <testcase name="@BeforeSuite startSeam" time="0.0" classname="org.witchcraft.domain.action.AuthenticatorTest">
    <failure type="org.jboss.seam.InstantiationException" message="Could not instantiate Seam component: entityManagerFactory">
      <![CDATA[org.jboss.seam.InstantiationException: Could not instantiate Seam component: entityManagerFactory
	at org.jboss.seam.Component.newInstance(Component.java:2106)
	at org.jboss.seam.contexts.Contexts.startup(Contexts.java:304)
	at org.jboss.seam.contexts.Contexts.startup(Contexts.java:278)
	at org.jboss.seam.contexts.ServletLifecycle.endInitialization(ServletLifecycle.java:112)
	at org.jboss.seam.init.Initialization.init(Initialization.java:735)
	at org.jboss.seam.mock.AbstractSeamTest.startSeam(AbstractSeamTest.java:919)
	at org.jboss.seam.mock.SeamTest.startSeam(SeamTest.java:58)
Caused by: javax.persistence.PersistenceException: No Persistence provider for EntityManager named ${artifactId}
	at javax.persistence.Persistence.createEntityManagerFactory(Persistence.java:89)
	at javax.persistence.Persistence.createEntityManagerFactory(Persistence.java:60)
	at org.jboss.seam.persistence.EntityManagerFactory.createEntityManagerFactory(EntityManagerFactory.java:81)
	at org.jboss.seam.persistence.EntityManagerFactory.startup(EntityManagerFactory.java:50)
	at org.jboss.seam.util.Reflections.invoke(Reflections.java:22)
	at org.jboss.seam.util.Reflections.invokeAndWrap(Reflections.java:144)
	at org.jboss.seam.Component.callComponentMethod(Component.java:2219)
	at org.jboss.seam.Component.callCreateMethod(Component.java:2134)
	at org.jboss.seam.Component.newInstance(Component.java:2094)
	... 21 more
... Removed 19 stack frames]]>
    </failure>
  </testcase>
  <testcase name="@BeforeClass setupClass" time="0.0" classname="org.witchcraft.domain.action.AuthenticatorTest">
    <skipped/>
  </testcase>
  <testcase name="@BeforeClass init" time="0.0" classname="org.witchcraft.domain.action.AuthenticatorTest">
    <skipped/>
  </testcase>
  <testcase name="@BeforeMethod begin" time="0.0" classname="org.witchcraft.domain.action.AuthenticatorTest">
    <skipped/>
  </testcase>
  <testcase name="@AfterMethod end" time="0.0" classname="org.witchcraft.domain.action.AuthenticatorTest">
    <skipped/>
  </testcase>
  <testcase name="@AfterClass destroy" time="0.0" classname="org.witchcraft.domain.action.AuthenticatorTest">
    <skipped/>
  </testcase>
  <testcase name="@AfterClass cleanupClass" time="0.0" classname="org.witchcraft.domain.action.AuthenticatorTest">
    <skipped/>
  </testcase>
  <testcase name="testRegisterAction" time="0.0040" classname="org.witchcraft.domain.action.AuthenticatorTest">
    <skipped/>
  </testcase>
  <testcase name="validateAuthenticationBadUser" time="0.0020" classname="org.witchcraft.domain.action.AuthenticatorTest">
    <skipped/>
  </testcase>
</testsuite>
