<testng-results>
  <reporter-output>
  </reporter-output>
  <suite name="jshopper4">
    <groups>
    </groups>
    <test name="org.witchcraft.domain.action.AuthenticatorTest">
      <class name="org.witchcraft.domain.action.AuthenticatorTest">
        <test-method status="SKIP" signature="destroy()" name="destroy" is-config="true" duration-ms="0" started-at="2009-03-29T13:17:26Z" finished-at="2009-03-29T13:17:26Z">
        </test-method>
        <test-method status="SKIP" signature="testRegisterAction()" name="testRegisterAction" duration-ms="4" started-at="2009-03-29T13:17:26Z" finished-at="2009-03-29T13:17:26Z">
        </test-method>
        <test-method status="SKIP" signature="begin()" name="begin" is-config="true" duration-ms="0" started-at="2009-03-29T13:17:26Z" finished-at="2009-03-29T13:17:26Z">
        </test-method>
        <test-method status="SKIP" signature="stopSeam()" name="stopSeam" is-config="true" duration-ms="0" started-at="2009-03-29T13:17:26Z" finished-at="2009-03-29T13:17:26Z">
        </test-method>
        <test-method status="SKIP" signature="cleanupClass()" name="cleanupClass" is-config="true" duration-ms="0" started-at="2009-03-29T13:17:26Z" finished-at="2009-03-29T13:17:26Z">
        </test-method>
        <test-method status="SKIP" signature="init()" name="init" is-config="true" duration-ms="0" started-at="2009-03-29T13:17:26Z" finished-at="2009-03-29T13:17:26Z">
        </test-method>
        <test-method status="SKIP" signature="end()" name="end" is-config="true" duration-ms="0" started-at="2009-03-29T13:17:26Z" finished-at="2009-03-29T13:17:26Z">
        </test-method>
        <test-method status="FAIL" signature="startSeam()" name="startSeam" is-config="true" duration-ms="0" started-at="2009-03-29T13:17:08Z" finished-at="2009-03-29T13:17:08Z">
          <exception class="org.jboss.seam.InstantiationException">
            <message>
              <![CDATA[Could not instantiate Seam component: entityManagerFactory]]>
            </message>
            <full-stacktrace>
              <![CDATA[org.jboss.seam.InstantiationException: Could not instantiate Seam component: entityManagerFactory
	at org.jboss.seam.Component.newInstance(Component.java:2106)
	at org.jboss.seam.contexts.Contexts.startup(Contexts.java:304)
	at org.jboss.seam.contexts.Contexts.startup(Contexts.java:278)
	at org.jboss.seam.contexts.ServletLifecycle.endInitialization(ServletLifecycle.java:112)
	at org.jboss.seam.init.Initialization.init(Initialization.java:735)
	at org.jboss.seam.mock.AbstractSeamTest.startSeam(AbstractSeamTest.java:919)
	at org.jboss.seam.mock.SeamTest.startSeam(SeamTest.java:58)
	at sun.reflect.NativeMethodAccessorImpl.invoke0(Native Method)
	at sun.reflect.NativeMethodAccessorImpl.invoke(Unknown Source)
	at sun.reflect.DelegatingMethodAccessorImpl.invoke(Unknown Source)
	at java.lang.reflect.Method.invoke(Unknown Source)
	at org.testng.internal.MethodHelper.invokeMethod(MethodHelper.java:580)
	at org.testng.internal.Invoker.invokeConfigurationMethod(Invoker.java:398)
	at org.testng.internal.Invoker.invokeConfigurations(Invoker.java:145)
	at org.testng.internal.Invoker.invokeConfigurations(Invoker.java:82)
	at org.testng.SuiteRunner.privateRun(SuiteRunner.java:278)
	at org.testng.SuiteRunner.run(SuiteRunner.java:198)
	at org.testng.TestNG.createAndRunSuiteRunners(TestNG.java:823)
	at org.testng.TestNG.runSuitesLocally(TestNG.java:790)
	at org.testng.TestNG.run(TestNG.java:708)
	at org.testng.remote.RemoteTestNG.run(RemoteTestNG.java:73)
	at org.testng.remote.RemoteTestNG.main(RemoteTestNG.java:124)
Caused by: javax.persistence.PersistenceException: No Persistence provider for EntityManager named ${artifactId}
	at javax.persistence.Persistence.createEntityManagerFactory(Persistence.java:89)
	at javax.persistence.Persistence.createEntityManagerFactory(Persistence.java:60)
	at org.jboss.seam.persistence.EntityManagerFactory.createEntityManagerFactory(EntityManagerFactory.java:81)
	at org.jboss.seam.persistence.EntityManagerFactory.startup(EntityManagerFactory.java:50)
	at sun.reflect.NativeMethodAccessorImpl.invoke0(Native Method)
	at sun.reflect.NativeMethodAccessorImpl.invoke(Unknown Source)
	at sun.reflect.DelegatingMethodAccessorImpl.invoke(Unknown Source)
	at java.lang.reflect.Method.invoke(Unknown Source)
	at org.jboss.seam.util.Reflections.invoke(Reflections.java:22)
	at org.jboss.seam.util.Reflections.invokeAndWrap(Reflections.java:144)
	at org.jboss.seam.Component.callComponentMethod(Component.java:2219)
	at org.jboss.seam.Component.callCreateMethod(Component.java:2134)
	at org.jboss.seam.Component.newInstance(Component.java:2094)
	... 21 more
]]>
            </full-stacktrace>
          </exception>
        </test-method>
        <test-method status="SKIP" signature="validateAuthenticationBadUser()" name="validateAuthenticationBadUser" duration-ms="2" started-at="2009-03-29T13:17:26Z" depends-on-methods="org.witchcraft.domain.action.AuthenticatorTest.testRegisterAction" finished-at="2009-03-29T13:17:26Z">
        </test-method>
        <test-method status="SKIP" signature="setupClass()" name="setupClass" is-config="true" duration-ms="0" started-at="2009-03-29T13:17:25Z" finished-at="2009-03-29T13:17:25Z">
        </test-method>
      </class>
    </test>
  </suite>
</testng-results>
