<testng-results>
  <reporter-output>
  </reporter-output>
  <suite name="xstories">
    <groups>
    </groups>
    <test name="org.cerebrum.domain.action.CusotmerActionTest">
      <class name="org.cerebrum.domain.action.CusotmerActionTest">
        <test-method status="PASS" signature="startSeam()" name="startSeam" is-config="true" duration-ms="10903" started-at="2009-03-11T11:11:12Z" finished-at="2009-03-11T11:11:23Z">
        </test-method>
        <test-method status="PASS" signature="stopSeam()" name="stopSeam" is-config="true" duration-ms="6" started-at="2009-03-11T11:11:23Z" finished-at="2009-03-11T11:11:23Z">
        </test-method>
      </class>
    </test>
  </suite>
</testng-results>
