<testng-results>
  <reporter-output>
  </reporter-output>
  <suite name="pruebasRichfaces">
    <groups>
    </groups>
    <test name="org.witchcraft.action.test.AuthenticatorTest">
      <class name="org.witchcraft.action.test.AuthenticatorTest">
        <test-method status="PASS" signature="end()" name="end" is-config="true" duration-ms="1" started-at="2009-11-01T18:41:34Z" finished-at="2009-11-01T18:41:34Z">
        </test-method>
        <test-method status="PASS" signature="begin()" name="begin" is-config="true" duration-ms="11" started-at="2009-11-01T18:41:33Z" finished-at="2009-11-01T18:41:33Z">
        </test-method>
        <test-method status="PASS" signature="setupClass()" name="setupClass" is-config="true" duration-ms="73" started-at="2009-11-01T18:41:33Z" finished-at="2009-11-01T18:41:33Z">
        </test-method>
        <test-method status="PASS" signature="init()" name="init" is-config="true" duration-ms="458" started-at="2009-11-01T18:41:33Z" finished-at="2009-11-01T18:41:33Z">
        </test-method>
        <test-method status="PASS" signature="cleanupClass()" name="cleanupClass" is-config="true" duration-ms="0" started-at="2009-11-01T18:41:34Z" finished-at="2009-11-01T18:41:34Z">
        </test-method>
        <test-method status="PASS" signature="startSeam()" name="startSeam" is-config="true" duration-ms="7589" started-at="2009-11-01T18:41:25Z" finished-at="2009-11-01T18:41:33Z">
        </test-method>
        <test-method status="PASS" signature="stopSeam()" name="stopSeam" is-config="true" duration-ms="21" started-at="2009-11-01T18:41:34Z" finished-at="2009-11-01T18:41:34Z">
        </test-method>
        <test-method status="PASS" signature="end()" name="end" is-config="true" duration-ms="1" started-at="2009-11-01T18:41:34Z" finished-at="2009-11-01T18:41:34Z">
        </test-method>
        <test-method status="PASS" signature="destroy()" name="destroy" is-config="true" duration-ms="16" started-at="2009-11-01T18:41:34Z" finished-at="2009-11-01T18:41:34Z">
        </test-method>
        <test-method status="PASS" signature="testRegisterAction()" name="testRegisterAction" duration-ms="217" started-at="2009-11-01T18:41:33Z" finished-at="2009-11-01T18:41:34Z">
        </test-method>
        <test-method status="PASS" signature="begin()" name="begin" is-config="true" duration-ms="1" started-at="2009-11-01T18:41:34Z" finished-at="2009-11-01T18:41:34Z">
        </test-method>
        <test-method status="PASS" signature="validateAuthenticationBadUser()" name="validateAuthenticationBadUser" duration-ms="136" started-at="2009-11-01T18:41:34Z" depends-on-methods="org.witchcraft.action.test.AuthenticatorTest.testRegisterAction" finished-at="2009-11-01T18:41:34Z">
        </test-method>
      </class>
    </test>
  </suite>
</testng-results>
